1568573742.429764 client started (28834): version 2.6, socket /tmp/tmux-1000/default, protocol 8
1568573742.429924 on Linux 4.4.0-18362-Microsoft #10000-Microsoft Fri Jun 21 11:23:00 PST 2019; libevent 2.1.8-stable (poll)
1568573742.429970 socket is /tmp/tmux-1000/default
1568573742.429996 trying connect
1568573742.430152 add peer 0x7fffce7bb8a0: 6 ((nil))
1568573742.430328 sending message 100 to peer 0x7fffce7bb8a0 (4 bytes)
1568573742.430359 sending message 101 to peer 0x7fffce7bb8a0 (7 bytes)
1568573742.430879 sending message 102 to peer 0x7fffce7bb8a0 (11 bytes)
1568573742.430944 sending message 108 to peer 0x7fffce7bb8a0 (37 bytes)
1568573742.430969 sending message 104 to peer 0x7fffce7bb8a0 (0 bytes)
1568573742.430999 sending message 107 to peer 0x7fffce7bb8a0 (4 bytes)
1568573742.431020 sending message 105 to peer 0x7fffce7bb8a0 (16 bytes)
1568573742.431038 sending message 105 to peer 0x7fffce7bb8a0 (54 bytes)
1568573742.431056 sending message 105 to peer 0x7fffce7bb8a0 (85 bytes)
1568573742.431073 sending message 105 to peer 0x7fffce7bb8a0 (13 bytes)
1568573742.431124 sending message 105 to peer 0x7fffce7bb8a0 (76 bytes)
1568573742.431163 sending message 105 to peer 0x7fffce7bb8a0 (56 bytes)
1568573742.431180 sending message 105 to peer 0x7fffce7bb8a0 (58 bytes)
1568573742.431198 sending message 105 to peer 0x7fffce7bb8a0 (52 bytes)
1568573742.431213 sending message 105 to peer 0x7fffce7bb8a0 (29 bytes)
1568573742.431230 sending message 105 to peer 0x7fffce7bb8a0 (56 bytes)
1568573742.431247 sending message 105 to peer 0x7fffce7bb8a0 (56 bytes)
1568573742.431271 sending message 105 to peer 0x7fffce7bb8a0 (109 bytes)
1568573742.431304 sending message 105 to peer 0x7fffce7bb8a0 (15 bytes)
1568573742.431320 sending message 105 to peer 0x7fffce7bb8a0 (56 bytes)
1568573742.431334 sending message 105 to peer 0x7fffce7bb8a0 (64 bytes)
1568573742.431348 sending message 105 to peer 0x7fffce7bb8a0 (41 bytes)
1568573742.431364 sending message 105 to peer 0x7fffce7bb8a0 (21 bytes)
1568573742.431381 sending message 105 to peer 0x7fffce7bb8a0 (56 bytes)
1568573742.431396 sending message 105 to peer 0x7fffce7bb8a0 (21 bytes)
1568573742.431412 sending message 105 to peer 0x7fffce7bb8a0 (33 bytes)
1568573742.431427 sending message 105 to peer 0x7fffce7bb8a0 (65 bytes)
1568573742.431466 sending message 105 to peer 0x7fffce7bb8a0 (54 bytes)
1568573742.431530 sending message 105 to peer 0x7fffce7bb8a0 (32 bytes)
1568573742.431632 sending message 105 to peer 0x7fffce7bb8a0 (56 bytes)
1568573742.431683 sending message 105 to peer 0x7fffce7bb8a0 (52 bytes)
1568573742.431703 sending message 105 to peer 0x7fffce7bb8a0 (58 bytes)
1568573742.431721 sending message 105 to peer 0x7fffce7bb8a0 (54 bytes)
1568573742.431739 sending message 105 to peer 0x7fffce7bb8a0 (39 bytes)
1568573742.431757 sending message 105 to peer 0x7fffce7bb8a0 (12 bytes)
1568573742.431773 sending message 105 to peer 0x7fffce7bb8a0 (16 bytes)
1568573742.431789 sending message 105 to peer 0x7fffce7bb8a0 (56 bytes)
1568573742.431805 sending message 105 to peer 0x7fffce7bb8a0 (26 bytes)
1568573742.431821 sending message 105 to peer 0x7fffce7bb8a0 (13 bytes)
1568573742.431837 sending message 105 to peer 0x7fffce7bb8a0 (8 bytes)
1568573742.431853 sending message 105 to peer 0x7fffce7bb8a0 (52 bytes)
1568573742.431869 sending message 105 to peer 0x7fffce7bb8a0 (18 bytes)
1568573742.431885 sending message 105 to peer 0x7fffce7bb8a0 (64 bytes)
1568573742.431902 sending message 105 to peer 0x7fffce7bb8a0 (696 bytes)
1568573742.431934 sending message 105 to peer 0x7fffce7bb8a0 (52 bytes)
1568573742.431953 sending message 105 to peer 0x7fffce7bb8a0 (53 bytes)
1568573742.431972 sending message 105 to peer 0x7fffce7bb8a0 (120 bytes)
1568573742.431992 sending message 105 to peer 0x7fffce7bb8a0 (52 bytes)
1568573742.432011 sending message 105 to peer 0x7fffce7bb8a0 (54 bytes)
1568573742.432029 sending message 105 to peer 0x7fffce7bb8a0 (52 bytes)
1568573742.432084 sending message 105 to peer 0x7fffce7bb8a0 (58 bytes)
1568573742.432115 sending message 105 to peer 0x7fffce7bb8a0 (8 bytes)
1568573742.432166 sending message 105 to peer 0x7fffce7bb8a0 (52 bytes)
1568573742.432182 sending message 105 to peer 0x7fffce7bb8a0 (52 bytes)
1568573742.432193 sending message 105 to peer 0x7fffce7bb8a0 (28 bytes)
1568573742.432204 sending message 105 to peer 0x7fffce7bb8a0 (16 bytes)
1568573742.432215 sending message 105 to peer 0x7fffce7bb8a0 (16 bytes)
1568573742.432226 sending message 106 to peer 0x7fffce7bb8a0 (0 bytes)
1568573742.432242 sending message 200 to peer 0x7fffce7bb8a0 (4 bytes)
1568573742.432253 client loop enter
1568573742.432949 peer 0x7fffce7bb8a0 message 211
1568573742.433073 peer 0x7fffce7bb8a0 message 203
1568573742.433144 client loop exit
